<?xml version="1.0" encoding="UTF-8"?>
<testsuite name="com.example.service.UserServiceImplTest" tests="7" skipped="0" failures="0" errors="0" timestamp="2018-04-25T16:07:34" hostname="kongphops-MacBook-Pro.local" time="0.103">
  <properties/>
  <testcase name="saveUserDupplicate" classname="com.example.service.UserServiceImplTest" time="0.019"/>
  <testcase name="saveMemberPlatinumUser" classname="com.example.service.UserServiceImplTest" time="0.058"/>
  <testcase name="saveUserSalaryTooLow" classname="com.example.service.UserServiceImplTest" time="0.002"/>
  <testcase name="loadUserNotFound" classname="com.example.service.UserServiceImplTest" time="0.002"/>
  <testcase name="loadUserFound" classname="com.example.service.UserServiceImplTest" time="0.006"/>
  <testcase name="saveMemberSilverUser" classname="com.example.service.UserServiceImplTest" time="0.003"/>
  <testcase name="saveMemberGoldUser" classname="com.example.service.UserServiceImplTest" time="0.003"/>
  <system-out><![CDATA[2018-04-25 23:07:34.052  INFO 4259 --- [    Test worker] o.s.t.c.s.DefaultTestContextBootstrapper : Neither @ContextConfiguration nor @ContextHierarchy found for test class [com.example.service.UserServiceImplTest], using DelegatingSmartContextLoader
2018-04-25 23:07:34.053  INFO 4259 --- [    Test worker] o.s.t.c.support.AbstractContextLoader    : Could not detect default resource locations for test class [com.example.service.UserServiceImplTest]: no resource found for suffixes {-context.xml}.
2018-04-25 23:07:34.053  INFO 4259 --- [    Test worker] t.c.s.AnnotationConfigContextLoaderUtils : Could not detect default configuration classes for test class [com.example.service.UserServiceImplTest]: UserServiceImplTest does not declare any static, non-private, non-final, nested classes annotated with @Configuration.
2018-04-25 23:07:34.072  INFO 4259 --- [    Test worker] o.s.t.c.s.DefaultTestContextBootstrapper : Loaded default TestExecutionListener class names from location [META-INF/spring.factories]: [org.springframework.security.test.context.support.WithSecurityContextTestExecutionListener, org.springframework.boot.test.autoconfigure.restdocs.RestDocsTestExecutionListener, org.springframework.boot.test.autoconfigure.web.client.MockRestServiceServerResetTestExecutionListener, org.springframework.boot.test.autoconfigure.web.servlet.MockMvcPrintOnlyOnFailureTestExecutionListener, org.springframework.boot.test.autoconfigure.web.servlet.WebDriverTestExecutionListener, org.springframework.boot.test.mock.mockito.MockitoTestExecutionListener, org.springframework.boot.test.mock.mockito.ResetMocksTestExecutionListener, org.springframework.test.context.web.ServletTestExecutionListener, org.springframework.test.context.support.DirtiesContextBeforeModesTestExecutionListener, org.springframework.test.context.support.DependencyInjectionTestExecutionListener, org.springframework.test.context.support.DirtiesContextTestExecutionListener, org.springframework.test.context.transaction.TransactionalTestExecutionListener, org.springframework.test.context.jdbc.SqlScriptsTestExecutionListener]
2018-04-25 23:07:34.073  INFO 4259 --- [    Test worker] o.s.t.c.s.DefaultTestContextBootstrapper : Using TestExecutionListeners: [org.springframework.test.context.web.ServletTestExecutionListener@1ec5ac69, org.springframework.test.context.support.DirtiesContextBeforeModesTestExecutionListener@4f5bd4a8, org.springframework.boot.test.mock.mockito.MockitoTestExecutionListener@6744049f, org.springframework.test.context.support.DependencyInjectionTestExecutionListener@f652e16, org.springframework.test.context.support.DirtiesContextTestExecutionListener@3cf06d77, org.springframework.test.context.transaction.TransactionalTestExecutionListener@2d1f00d5, org.springframework.test.context.jdbc.SqlScriptsTestExecutionListener@6ab89915, org.springframework.security.test.context.support.WithSecurityContextTestExecutionListener@4c8b0fca, org.springframework.boot.test.autoconfigure.restdocs.RestDocsTestExecutionListener@73af58f9, org.springframework.boot.test.autoconfigure.web.client.MockRestServiceServerResetTestExecutionListener@2663e7f1, org.springframework.boot.test.autoconfigure.web.servlet.MockMvcPrintOnlyOnFailureTestExecutionListener@83db219, org.springframework.boot.test.autoconfigure.web.servlet.WebDriverTestExecutionListener@1c5c098b, org.springframework.boot.test.mock.mockito.ResetMocksTestExecutionListener@153df269]
2018-04-25 23:07:34.090  INFO 4259 --- [    Test worker] o.s.c.support.GenericApplicationContext  : Refreshing org.springframework.context.support.GenericApplicationContext@15f4bf71: startup date [Wed Apr 25 23:07:34 ICT 2018]; root of context hierarchy
User(id=1, username=username, password=$2a$10$grWguQU654XUd7kYDogjAeU31OU24F/11WEEpfXqEccgmc7br.7jC, address=test, salary=50000, memberType=Platinum, phone=0123456789, refCode=null)
User(id=1, username=username, password=$2a$10$grWguQU654XUd7kYDogjAeU31OU24F/11WEEpfXqEccgmc7br.7jC, address=test, salary=50000, memberType=Gold, phone=0123456789, refCode=null)
]]></system-out>
  <system-err><![CDATA[]]></system-err>
</testsuite>
