<?xml version="1.0" encoding="UTF-8"?>
<testsuite name="com.example.SpringBootOauthApplicationTests" tests="1" skipped="0" failures="0" errors="0" timestamp="2018-04-25T16:07:34" hostname="kongphops-MacBook-Pro.local" time="0.003">
  <properties/>
  <testcase name="contextLoads" classname="com.example.SpringBootOauthApplicationTests" time="0.003"/>
  <system-out><![CDATA[2018-04-25 23:07:34.016  INFO 4259 --- [    Test worker] .b.t.c.SpringBootTestContextBootstrapper : Neither @ContextConfiguration nor @ContextHierarchy found for test class [com.example.SpringBootOauthApplicationTests], using SpringBootContextLoader
2018-04-25 23:07:34.017  INFO 4259 --- [    Test worker] o.s.t.c.support.AbstractContextLoader    : Could not detect default resource locations for test class [com.example.SpringBootOauthApplicationTests]: no resource found for suffixes {-context.xml, Context.groovy}.
2018-04-25 23:07:34.018  INFO 4259 --- [    Test worker] t.c.s.AnnotationConfigContextLoaderUtils : Could not detect default configuration classes for test class [com.example.SpringBootOauthApplicationTests]: SpringBootOauthApplicationTests does not declare any static, non-private, non-final, nested classes annotated with @Configuration.
2018-04-25 23:07:34.028  INFO 4259 --- [    Test worker] .b.t.c.SpringBootTestContextBootstrapper : Found @SpringBootConfiguration com.example.SpringBootOauthApplication for test class com.example.SpringBootOauthApplicationTests
2018-04-25 23:07:34.032  INFO 4259 --- [    Test worker] .b.t.c.SpringBootTestContextBootstrapper : Loaded default TestExecutionListener class names from location [META-INF/spring.factories]: [org.springframework.security.test.context.support.WithSecurityContextTestExecutionListener, org.springframework.boot.test.autoconfigure.restdocs.RestDocsTestExecutionListener, org.springframework.boot.test.autoconfigure.web.client.MockRestServiceServerResetTestExecutionListener, org.springframework.boot.test.autoconfigure.web.servlet.MockMvcPrintOnlyOnFailureTestExecutionListener, org.springframework.boot.test.autoconfigure.web.servlet.WebDriverTestExecutionListener, org.springframework.boot.test.mock.mockito.MockitoTestExecutionListener, org.springframework.boot.test.mock.mockito.ResetMocksTestExecutionListener, org.springframework.test.context.web.ServletTestExecutionListener, org.springframework.test.context.support.DirtiesContextBeforeModesTestExecutionListener, org.springframework.test.context.support.DependencyInjectionTestExecutionListener, org.springframework.test.context.support.DirtiesContextTestExecutionListener, org.springframework.test.context.transaction.TransactionalTestExecutionListener, org.springframework.test.context.jdbc.SqlScriptsTestExecutionListener]
2018-04-25 23:07:34.036  INFO 4259 --- [    Test worker] .b.t.c.SpringBootTestContextBootstrapper : Using TestExecutionListeners: [org.springframework.test.context.web.ServletTestExecutionListener@6c58a024, org.springframework.test.context.support.DirtiesContextBeforeModesTestExecutionListener@3f2b1f0a, org.springframework.boot.test.mock.mockito.MockitoTestExecutionListener@60f32153, org.springframework.boot.test.autoconfigure.SpringBootDependencyInjectionTestExecutionListener@701acad0, org.springframework.test.context.support.DirtiesContextTestExecutionListener@596a1d77, org.springframework.test.context.transaction.TransactionalTestExecutionListener@3ede8a1f, org.springframework.test.context.jdbc.SqlScriptsTestExecutionListener@47decd2e, org.springframework.security.test.context.support.WithSecurityContextTestExecutionListener@6134d34f, org.springframework.boot.test.autoconfigure.restdocs.RestDocsTestExecutionListener@68bcfbbb, org.springframework.boot.test.autoconfigure.web.client.MockRestServiceServerResetTestExecutionListener@22f80ac1, org.springframework.boot.test.autoconfigure.web.servlet.MockMvcPrintOnlyOnFailureTestExecutionListener@137e140d, org.springframework.boot.test.autoconfigure.web.servlet.WebDriverTestExecutionListener@54170386, org.springframework.boot.test.mock.mockito.ResetMocksTestExecutionListener@5bf94b9c]
]]></system-out>
  <system-err><![CDATA[]]></system-err>
</testsuite>
