<?xml version="1.0" encoding="UTF-8"?>
<testsuite name="com.example.service.UserServiceImplTest" tests="7" skipped="0" failures="0" errors="0" timestamp="2018-04-26T13:36:48" hostname="kongphops-MacBook-Pro.local" time="0.083">
  <properties/>
  <testcase name="saveUserDupplicate" classname="com.example.service.UserServiceImplTest" time="0.002"/>
  <testcase name="saveMemberPlatinumUser" classname="com.example.service.UserServiceImplTest" time="0.052"/>
  <testcase name="saveUserSalaryTooLow" classname="com.example.service.UserServiceImplTest" time="0.004"/>
  <testcase name="loadUserNotFound" classname="com.example.service.UserServiceImplTest" time="0.003"/>
  <testcase name="loadUserFound" classname="com.example.service.UserServiceImplTest" time="0.003"/>
  <testcase name="saveMemberSilverUser" classname="com.example.service.UserServiceImplTest" time="0.003"/>
  <testcase name="saveMemberGoldUser" classname="com.example.service.UserServiceImplTest" time="0.003"/>
  <system-out><![CDATA[2018-04-26 20:36:48.712  INFO 14249 --- [    Test worker] o.s.t.c.s.DefaultTestContextBootstrapper : Neither @ContextConfiguration nor @ContextHierarchy found for test class [com.example.service.UserServiceImplTest], using DelegatingSmartContextLoader
2018-04-26 20:36:48.714  INFO 14249 --- [    Test worker] o.s.t.c.support.AbstractContextLoader    : Could not detect default resource locations for test class [com.example.service.UserServiceImplTest]: no resource found for suffixes {-context.xml}.
2018-04-26 20:36:48.714  INFO 14249 --- [    Test worker] t.c.s.AnnotationConfigContextLoaderUtils : Could not detect default configuration classes for test class [com.example.service.UserServiceImplTest]: UserServiceImplTest does not declare any static, non-private, non-final, nested classes annotated with @Configuration.
2018-04-26 20:36:48.718  INFO 14249 --- [    Test worker] o.s.t.c.s.DefaultTestContextBootstrapper : Loaded default TestExecutionListener class names from location [META-INF/spring.factories]: [org.springframework.security.test.context.support.WithSecurityContextTestExecutionListener, org.springframework.boot.test.autoconfigure.restdocs.RestDocsTestExecutionListener, org.springframework.boot.test.autoconfigure.web.client.MockRestServiceServerResetTestExecutionListener, org.springframework.boot.test.autoconfigure.web.servlet.MockMvcPrintOnlyOnFailureTestExecutionListener, org.springframework.boot.test.autoconfigure.web.servlet.WebDriverTestExecutionListener, org.springframework.boot.test.mock.mockito.MockitoTestExecutionListener, org.springframework.boot.test.mock.mockito.ResetMocksTestExecutionListener, org.springframework.test.context.web.ServletTestExecutionListener, org.springframework.test.context.support.DirtiesContextBeforeModesTestExecutionListener, org.springframework.test.context.support.DependencyInjectionTestExecutionListener, org.springframework.test.context.support.DirtiesContextTestExecutionListener, org.springframework.test.context.transaction.TransactionalTestExecutionListener, org.springframework.test.context.jdbc.SqlScriptsTestExecutionListener]
2018-04-26 20:36:48.718  INFO 14249 --- [    Test worker] o.s.t.c.s.DefaultTestContextBootstrapper : Using TestExecutionListeners: [org.springframework.test.context.web.ServletTestExecutionListener@42057d85, org.springframework.test.context.support.DirtiesContextBeforeModesTestExecutionListener@74c5e7cb, org.springframework.boot.test.mock.mockito.MockitoTestExecutionListener@6ee94856, org.springframework.test.context.support.DependencyInjectionTestExecutionListener@3e4798af, org.springframework.test.context.support.DirtiesContextTestExecutionListener@574723b7, org.springframework.test.context.transaction.TransactionalTestExecutionListener@ce77d2b, org.springframework.test.context.jdbc.SqlScriptsTestExecutionListener@28683f19, org.springframework.security.test.context.support.WithSecurityContextTestExecutionListener@2ae8485b, org.springframework.boot.test.autoconfigure.restdocs.RestDocsTestExecutionListener@445c9c2a, org.springframework.boot.test.autoconfigure.web.client.MockRestServiceServerResetTestExecutionListener@73e5bfaf, org.springframework.boot.test.autoconfigure.web.servlet.MockMvcPrintOnlyOnFailureTestExecutionListener@1a9cc63d, org.springframework.boot.test.autoconfigure.web.servlet.WebDriverTestExecutionListener@72deffa5, org.springframework.boot.test.mock.mockito.ResetMocksTestExecutionListener@52c39018]
2018-04-26 20:36:48.733  INFO 14249 --- [    Test worker] o.s.c.support.GenericApplicationContext  : Refreshing org.springframework.context.support.GenericApplicationContext@1df51e67: startup date [Thu Apr 26 20:36:48 ICT 2018]; root of context hierarchy
User(id=1, username=username, password=$2a$10$grWguQU654XUd7kYDogjAeU31OU24F/11WEEpfXqEccgmc7br.7jC, address=test, salary=50000, memberType=Platinum, phone=0123456789, refCode=null)
User(id=1, username=username, password=$2a$10$grWguQU654XUd7kYDogjAeU31OU24F/11WEEpfXqEccgmc7br.7jC, address=test, salary=50000, memberType=Gold, phone=0123456789, refCode=null)
]]></system-out>
  <system-err><![CDATA[]]></system-err>
</testsuite>
