<?xml version="1.0" encoding="UTF-8"?>
<testsuite name="com.example.SpringBootOauthApplicationTests" tests="1" skipped="0" failures="0" errors="0" timestamp="2018-04-26T13:36:48" hostname="kongphops-MacBook-Pro.local" time="0.004">
  <properties/>
  <testcase name="contextLoads" classname="com.example.SpringBootOauthApplicationTests" time="0.004"/>
  <system-out><![CDATA[2018-04-26 20:36:48.680  INFO 14249 --- [    Test worker] .b.t.c.SpringBootTestContextBootstrapper : Neither @ContextConfiguration nor @ContextHierarchy found for test class [com.example.SpringBootOauthApplicationTests], using SpringBootContextLoader
2018-04-26 20:36:48.681  INFO 14249 --- [    Test worker] o.s.t.c.support.AbstractContextLoader    : Could not detect default resource locations for test class [com.example.SpringBootOauthApplicationTests]: no resource found for suffixes {-context.xml, Context.groovy}.
2018-04-26 20:36:48.681  INFO 14249 --- [    Test worker] t.c.s.AnnotationConfigContextLoaderUtils : Could not detect default configuration classes for test class [com.example.SpringBootOauthApplicationTests]: SpringBootOauthApplicationTests does not declare any static, non-private, non-final, nested classes annotated with @Configuration.
2018-04-26 20:36:48.686  INFO 14249 --- [    Test worker] .b.t.c.SpringBootTestContextBootstrapper : Found @SpringBootConfiguration com.example.SpringBootOauthApplication for test class com.example.SpringBootOauthApplicationTests
2018-04-26 20:36:48.694  INFO 14249 --- [    Test worker] .b.t.c.SpringBootTestContextBootstrapper : Loaded default TestExecutionListener class names from location [META-INF/spring.factories]: [org.springframework.security.test.context.support.WithSecurityContextTestExecutionListener, org.springframework.boot.test.autoconfigure.restdocs.RestDocsTestExecutionListener, org.springframework.boot.test.autoconfigure.web.client.MockRestServiceServerResetTestExecutionListener, org.springframework.boot.test.autoconfigure.web.servlet.MockMvcPrintOnlyOnFailureTestExecutionListener, org.springframework.boot.test.autoconfigure.web.servlet.WebDriverTestExecutionListener, org.springframework.boot.test.mock.mockito.MockitoTestExecutionListener, org.springframework.boot.test.mock.mockito.ResetMocksTestExecutionListener, org.springframework.test.context.web.ServletTestExecutionListener, org.springframework.test.context.support.DirtiesContextBeforeModesTestExecutionListener, org.springframework.test.context.support.DependencyInjectionTestExecutionListener, org.springframework.test.context.support.DirtiesContextTestExecutionListener, org.springframework.test.context.transaction.TransactionalTestExecutionListener, org.springframework.test.context.jdbc.SqlScriptsTestExecutionListener]
2018-04-26 20:36:48.697  INFO 14249 --- [    Test worker] .b.t.c.SpringBootTestContextBootstrapper : Using TestExecutionListeners: [org.springframework.test.context.web.ServletTestExecutionListener@505daf1e, org.springframework.test.context.support.DirtiesContextBeforeModesTestExecutionListener@4809a1aa, org.springframework.boot.test.mock.mockito.MockitoTestExecutionListener@4e3a1894, org.springframework.boot.test.autoconfigure.SpringBootDependencyInjectionTestExecutionListener@462d9aa6, org.springframework.test.context.support.DirtiesContextTestExecutionListener@7b35e822, org.springframework.test.context.transaction.TransactionalTestExecutionListener@7e34121f, org.springframework.test.context.jdbc.SqlScriptsTestExecutionListener@60d45bf5, org.springframework.security.test.context.support.WithSecurityContextTestExecutionListener@4a0605e3, org.springframework.boot.test.autoconfigure.restdocs.RestDocsTestExecutionListener@1ea68079, org.springframework.boot.test.autoconfigure.web.client.MockRestServiceServerResetTestExecutionListener@40dcdd58, org.springframework.boot.test.autoconfigure.web.servlet.MockMvcPrintOnlyOnFailureTestExecutionListener@2152d45, org.springframework.boot.test.autoconfigure.web.servlet.WebDriverTestExecutionListener@784609f9, org.springframework.boot.test.mock.mockito.ResetMocksTestExecutionListener@5249fbc0]
]]></system-out>
  <system-err><![CDATA[]]></system-err>
</testsuite>
